Build started 9/8/2014 1:53:20 PM.
     1>Project "F:\Documents\Visual Studio 2013\Projects\lab1\ConsoleApplication1\ConsoleApplication1\ConsoleApplication1.vcxproj" on node 2 (Build target(s)).
     1>ClCompile:
         C:\Program Files (x86)\Microsoft Visual Studio 12.0\VC\bin\CL.exe /c /ZI /nologo /W3 /WX- /sdl /Od /Oy- /D WIN32 /D _DEBUG /D _CONSOLE /D _LIB /D _UNICODE /D UNICODE /Gm /EHsc /RTC1 /MDd /GS /fp:precise /Zc:wchar_t /Zc:forScope /Yc"stdafx.h" /Fp"Debug\ConsoleApplication1.pch" /Fo"Debug\\" /Fd"Debug\vc120.pdb" /Gd /TP /analyze- /errorReport:prompt stdafx.cpp
         stdafx.cpp
     1>f:\documents\visual studio 2013\projects\lab1\consoleapplication1\consoleapplication1\stdafx.h : fatal error C1073: Internal error involving incremental compilation(compiler file 'f:\dd\vctools\compiler\cxxfe\sl\p1\c\p0io.c', line 1051)
     1>Done Building Project "F:\Documents\Visual Studio 2013\Projects\lab1\ConsoleApplication1\ConsoleApplication1\ConsoleApplication1.vcxproj" (Build target(s)) -- FAILED.

Build FAILED.

Time Elapsed 00:00:00.85
